2022-09-23 19:13:55.616 +05:30 [INF] Project Started
2022-09-23 19:19:55.898 +05:30 [INF] Project Started
2022-09-23 19:21:47.938 +05:30 [FTL] Application start-up faild
Microsoft.Extensions.Hosting.HostFactoryResolver+HostingListener+StopTheHostException: Exception of type 'Microsoft.Extensions.Hosting.HostFactoryResolver+HostingListener+StopTheHostException' was thrown.
   at Microsoft.Extensions.Hosting.HostFactoryResolver.HostingListener.OnNext(KeyValuePair`2 value)
   at System.Diagnostics.DiagnosticListener.Write(String name, Object value)
   at Microsoft.Extensions.Hosting.HostBuilder.Build()
   at Microsoft.AspNetCore.Builder.WebApplicationBuilder.Build()
   at Program.<Main>$(String[] args) in C:\Users\LikhonR\Desktop\Retake\Likhon_Roy-aspnet_b7\src\Exam1_2\Library\Program.cs:line 54
2022-09-23 19:23:49.918 +05:30 [FTL] Application start-up faild
Microsoft.Extensions.Hosting.HostFactoryResolver+HostingListener+StopTheHostException: Exception of type 'Microsoft.Extensions.Hosting.HostFactoryResolver+HostingListener+StopTheHostException' was thrown.
   at Microsoft.Extensions.Hosting.HostFactoryResolver.HostingListener.OnNext(KeyValuePair`2 value)
   at System.Diagnostics.DiagnosticListener.Write(String name, Object value)
   at Microsoft.Extensions.Hosting.HostBuilder.Build()
   at Microsoft.AspNetCore.Builder.WebApplicationBuilder.Build()
   at Program.<Main>$(String[] args) in C:\Users\LikhonR\Desktop\Retake\Likhon_Roy-aspnet_b7\src\Exam1_2\Library\Program.cs:line 54
2022-09-23 19:24:19.410 +05:30 [INF] Project Started
2022-09-23 19:33:06.910 +05:30 [INF] Project Started
2022-09-23 19:36:54.361 +05:30 [INF] Project Started
2022-09-23 20:05:26.595 +05:30 [INF] Project Started
2022-09-23 20:12:41.593 +05:30 [INF] Project Started
2022-09-23 20:13:40.236 +05:30 [INF] Project Started
2022-09-23 20:33:12.744 +05:30 [INF] Project Started
2022-09-23 20:35:03.641 +05:30 [INF] Project Started
2022-09-23 20:36:44.045 +05:30 [INF] Project Started
